<?xml version="1.0" encoding="UTF-8"?>
<coverage generated="1746405713457" clover="3.2.0">
  <project timestamp="1746405713457" name="All files">
    <metrics statements="123" coveredstatements="75" conditionals="69" coveredconditionals="21" methods="34" coveredmethods="7" elements="226" coveredelements="103" complexity="0" loc="123" ncloc="123" packages="1" files="4" classes="4"/>
    <file name="api.js" path="C:\Users\SEDUC\Desktop\PROJETOS\omni_gerador_artigos\static\js\api.js">
      <metrics statements="20" coveredstatements="6" conditionals="16" coveredconditionals="0" methods="6" coveredmethods="0"/>
      <line num="10" count="1" type="stmt"/>
      <line num="11" count="0" type="stmt"/>
      <line num="12" count="0" type="stmt"/>
      <line num="21" count="1" type="stmt"/>
      <line num="22" count="0" type="stmt"/>
      <line num="27" count="0" type="cond" truecount="0" falsecount="4"/>
      <line num="28" count="0" type="stmt"/>
      <line num="36" count="1" type="stmt"/>
      <line num="37" count="0" type="stmt"/>
      <line num="38" count="0" type="cond" truecount="0" falsecount="4"/>
      <line num="46" count="1" type="stmt"/>
      <line num="47" count="0" type="stmt"/>
      <line num="48" count="0" type="stmt"/>
      <line num="57" count="1" type="stmt"/>
      <line num="58" count="0" type="stmt"/>
      <line num="63" count="0" type="cond" truecount="0" falsecount="4"/>
      <line num="64" count="0" type="stmt"/>
      <line num="73" count="1" type="stmt"/>
      <line num="74" count="0" type="stmt"/>
      <line num="75" count="0" type="cond" truecount="0" falsecount="4"/>
    </file>
    <file name="handlers.js" path="C:\Users\SEDUC\Desktop\PROJETOS\omni_gerador_artigos\static\js\handlers.js">
      <metrics statements="61" coveredstatements="59" conditionals="28" coveredconditionals="21" methods="10" coveredmethods="7"/>
      <line num="9" count="1" type="stmt"/>
      <line num="10" count="1" type="stmt"/>
      <line num="11" count="1" type="stmt"/>
      <line num="16" count="1" type="stmt"/>
      <line num="17" count="6" type="stmt"/>
      <line num="19" count="6" type="cond" truecount="2" falsecount="0"/>
      <line num="20" count="6" type="stmt"/>
      <line num="21" count="6" type="cond" truecount="1" falsecount="1"/>
      <line num="22" count="6" type="stmt"/>
      <line num="23" count="1" type="stmt"/>
      <line num="24" count="1" type="cond" truecount="1" falsecount="1"/>
      <line num="25" count="1" type="cond" truecount="1" falsecount="1"/>
      <line num="26" count="1" type="stmt"/>
      <line num="27" count="1" type="stmt"/>
      <line num="31" count="6" type="cond" truecount="1" falsecount="1"/>
      <line num="32" count="6" type="stmt"/>
      <line num="33" count="3" type="stmt"/>
      <line num="34" count="3" type="stmt"/>
      <line num="35" count="3" type="cond" truecount="4" falsecount="0"/>
      <line num="36" count="2" type="cond" truecount="1" falsecount="1"/>
      <line num="37" count="2" type="stmt"/>
      <line num="38" count="1" type="stmt"/>
      <line num="39" count="1" type="stmt"/>
      <line num="40" count="1" type="stmt"/>
      <line num="41" count="1" type="stmt"/>
      <line num="44" count="6" type="stmt"/>
      <line num="46" count="1" type="stmt"/>
      <line num="75" count="17" type="stmt"/>
      <line num="76" count="17" type="stmt"/>
      <line num="77" count="17" type="stmt"/>
      <line num="78" count="17" type="stmt"/>
      <line num="79" count="16" type="stmt"/>
      <line num="80" count="0" type="stmt"/>
      <line num="81" count="0" type="stmt"/>
      <line num="83" count="2" type="stmt"/>
      <line num="84" count="2" type="stmt"/>
      <line num="85" count="1" type="cond" truecount="1" falsecount="1"/>
      <line num="86" count="1" type="stmt"/>
      <line num="87" count="1" type="stmt"/>
      <line num="88" count="1" type="stmt"/>
      <line num="90" count="16" type="stmt"/>
      <line num="91" count="16" type="cond" truecount="2" falsecount="0"/>
      <line num="92" count="7" type="stmt"/>
      <line num="93" count="7" type="stmt"/>
      <line num="94" count="2" type="stmt"/>
      <line num="95" count="2" type="cond" truecount="3" falsecount="1"/>
      <line num="96" count="2" type="stmt"/>
      <line num="97" count="2" type="stmt"/>
      <line num="98" count="1" type="stmt"/>
      <line num="99" count="1" type="stmt"/>
      <line num="100" count="1" type="stmt"/>
      <line num="101" count="1" type="stmt"/>
      <line num="104" count="2" type="stmt"/>
      <line num="105" count="2" type="stmt"/>
      <line num="106" count="1" type="stmt"/>
      <line num="107" count="1" type="stmt"/>
      <line num="108" count="1" type="stmt"/>
      <line num="110" count="7" type="stmt"/>
      <line num="112" count="9" type="stmt"/>
      <line num="113" count="9" type="stmt"/>
      <line num="115" count="16" type="stmt"/>
    </file>
    <file name="render.js" path="C:\Users\SEDUC\Desktop\PROJETOS\omni_gerador_artigos\static\js\render.js">
      <metrics statements="29" coveredstatements="3" conditionals="14" coveredconditionals="0" methods="10" coveredmethods="0"/>
      <line num="15" count="1" type="stmt"/>
      <line num="16" count="0" type="stmt"/>
      <line num="17" count="0" type="cond" truecount="0" falsecount="2"/>
      <line num="18" count="0" type="stmt"/>
      <line num="19" count="0" type="stmt"/>
      <line num="20" count="0" type="stmt"/>
      <line num="21" count="0" type="stmt"/>
      <line num="22" count="0" type="cond" truecount="0" falsecount="2"/>
      <line num="23" count="0" type="stmt"/>
      <line num="24" count="0" type="stmt"/>
      <line num="25" count="0" type="cond" truecount="0" falsecount="2"/>
      <line num="26" count="0" type="stmt"/>
      <line num="27" count="0" type="stmt"/>
      <line num="28" count="0" type="stmt"/>
      <line num="30" count="0" type="stmt"/>
      <line num="40" count="1" type="stmt"/>
      <line num="41" count="0" type="stmt"/>
      <line num="42" count="0" type="cond" truecount="0" falsecount="2"/>
      <line num="43" count="0" type="stmt"/>
      <line num="44" count="0" type="stmt"/>
      <line num="45" count="0" type="stmt"/>
      <line num="46" count="0" type="stmt"/>
      <line num="47" count="0" type="stmt"/>
      <line num="48" count="0" type="stmt"/>
      <line num="49" count="0" type="stmt"/>
      <line num="57" count="1" type="stmt"/>
      <line num="58" count="0" type="stmt"/>
      <line num="59" count="0" type="cond" truecount="0" falsecount="2"/>
      <line num="60" count="0" type="cond" truecount="0" falsecount="4"/>
    </file>
    <file name="utils.js" path="C:\Users\SEDUC\Desktop\PROJETOS\omni_gerador_artigos\static\js\utils.js">
      <metrics statements="13" coveredstatements="7" conditionals="11" coveredconditionals="0" methods="8" coveredmethods="0"/>
      <line num="11" count="1" type="stmt"/>
      <line num="18" count="1" type="stmt"/>
      <line num="25" count="1" type="stmt"/>
      <line num="31" count="1" type="cond" truecount="0" falsecount="2"/>
      <line num="37" count="1" type="cond" truecount="0" falsecount="2"/>
      <line num="43" count="1" type="cond" truecount="0" falsecount="2"/>
      <line num="50" count="1" type="cond" truecount="0" falsecount="1"/>
      <line num="51" count="0" type="stmt"/>
      <line num="52" count="0" type="cond" truecount="0" falsecount="2"/>
      <line num="53" count="0" type="stmt"/>
      <line num="54" count="0" type="cond" truecount="0" falsecount="2"/>
      <line num="55" count="0" type="stmt"/>
      <line num="56" count="0" type="stmt"/>
    </file>
  </project>
</coverage>
