{"C:\\Users\\SEDUC\\Desktop\\PROJETOS\\omni_gerador_artigos\\static\\js\\api.js": {"path":"C:\\Users\\SEDUC\\Desktop\\PROJETOS\\omni_gerador_artigos\\static\\js\\api.js","statementMap":{"0":{"start":{"line":10,"column":28},"end":{"line":13,"column":1}},"1":{"start":{"line":11,"column":15},"end":{"line":11,"column":40}},"2":{"start":{"line":12,"column":2},"end":{"line":12,"column":21}},"3":{"start":{"line":21,"column":29},"end":{"line":29,"column":1}},"4":{"start":{"line":22,"column":15},"end":{"line":26,"column":4}},"5":{"start":{"line":27,"column":2},"end":{"line":27,"column":83}},"6":{"start":{"line":27,"column":16},"end":{"line":27,"column":83}},"7":{"start":{"line":28,"column":2},"end":{"line":28,"column":21}},"8":{"start":{"line":36,"column":29},"end":{"line":39,"column":1}},"9":{"start":{"line":37,"column":15},"end":{"line":37,"column":68}},"10":{"start":{"line":38,"column":2},"end":{"line":38,"column":79}},"11":{"start":{"line":38,"column":39},"end":{"line":38,"column":79}},"12":{"start":{"line":46,"column":30},"end":{"line":49,"column":1}},"13":{"start":{"line":47,"column":15},"end":{"line":47,"column":58}},"14":{"start":{"line":48,"column":2},"end":{"line":48,"column":21}},"15":{"start":{"line":57,"column":28},"end":{"line":65,"column":1}},"16":{"start":{"line":58,"column":15},"end":{"line":62,"column":4}},"17":{"start":{"line":63,"column":2},"end":{"line":63,"column":89}},"18":{"start":{"line":63,"column":16},"end":{"line":63,"column":89}},"19":{"start":{"line":64,"column":2},"end":{"line":64,"column":21}},"20":{"start":{"line":73,"column":31},"end":{"line":76,"column":1}},"21":{"start":{"line":74,"column":15},"end":{"line":74,"column":92}},"22":{"start":{"line":75,"column":2},"end":{"line":75,"column":81}},"23":{"start":{"line":75,"column":39},"end":{"line":75,"column":81}}},"fnMap":{"0":{"name":"(anonymous_0)","decl":{"start":{"line":10,"column":28},"end":{"line":10,"column":29}},"loc":{"start":{"line":10,"column":40},"end":{"line":13,"column":1}},"line":10},"1":{"name":"(anonymous_1)","decl":{"start":{"line":21,"column":29},"end":{"line":21,"column":30}},"loc":{"start":{"line":21,"column":51},"end":{"line":29,"column":1}},"line":21},"2":{"name":"(anonymous_2)","decl":{"start":{"line":36,"column":29},"end":{"line":36,"column":30}},"loc":{"start":{"line":36,"column":43},"end":{"line":39,"column":1}},"line":36},"3":{"name":"(anonymous_3)","decl":{"start":{"line":46,"column":30},"end":{"line":46,"column":31}},"loc":{"start":{"line":46,"column":48},"end":{"line":49,"column":1}},"line":46},"4":{"name":"(anonymous_4)","decl":{"start":{"line":57,"column":28},"end":{"line":57,"column":29}},"loc":{"start":{"line":57,"column":52},"end":{"line":65,"column":1}},"line":57},"5":{"name":"(anonymous_5)","decl":{"start":{"line":73,"column":31},"end":{"line":73,"column":32}},"loc":{"start":{"line":73,"column":59},"end":{"line":76,"column":1}},"line":73}},"branchMap":{"0":{"loc":{"start":{"line":27,"column":2},"end":{"line":27,"column":83}},"type":"if","locations":[{"start":{"line":27,"column":2},"end":{"line":27,"column":83}},{"start":{},"end":{}}],"line":27},"1":{"loc":{"start":{"line":27,"column":32},"end":{"line":27,"column":81}},"type":"binary-expr","locations":[{"start":{"line":27,"column":32},"end":{"line":27,"column":57}},{"start":{"line":27,"column":61},"end":{"line":27,"column":81}}],"line":27},"2":{"loc":{"start":{"line":38,"column":2},"end":{"line":38,"column":79}},"type":"if","locations":[{"start":{"line":38,"column":2},"end":{"line":38,"column":79}},{"start":{},"end":{}}],"line":38},"3":{"loc":{"start":{"line":38,"column":6},"end":{"line":38,"column":37}},"type":"binary-expr","locations":[{"start":{"line":38,"column":6},"end":{"line":38,"column":14}},{"start":{"line":38,"column":18},"end":{"line":38,"column":37}}],"line":38},"4":{"loc":{"start":{"line":63,"column":2},"end":{"line":63,"column":89}},"type":"if","locations":[{"start":{"line":63,"column":2},"end":{"line":63,"column":89}},{"start":{},"end":{}}],"line":63},"5":{"loc":{"start":{"line":63,"column":32},"end":{"line":63,"column":87}},"type":"binary-expr","locations":[{"start":{"line":63,"column":32},"end":{"line":63,"column":57}},{"start":{"line":63,"column":61},"end":{"line":63,"column":87}}],"line":63},"6":{"loc":{"start":{"line":75,"column":2},"end":{"line":75,"column":81}},"type":"if","locations":[{"start":{"line":75,"column":2},"end":{"line":75,"column":81}},{"start":{},"end":{}}],"line":75},"7":{"loc":{"start":{"line":75,"column":6},"end":{"line":75,"column":37}},"type":"binary-expr","locations":[{"start":{"line":75,"column":6},"end":{"line":75,"column":14}},{"start":{"line":75,"column":18},"end":{"line":75,"column":37}}],"line":75}},"s":{"0":1,"1":0,"2":0,"3":1,"4":0,"5":0,"6":0,"7":0,"8":1,"9":0,"10":0,"11":0,"12":1,"13":0,"14":0,"15":1,"16":0,"17":0,"18":0,"19":0,"20":1,"21":0,"22":0,"23":0},"f":{"0":0,"1":0,"2":0,"3":0,"4":0,"5":0},"b":{"0":[0,0],"1":[0,0],"2":[0,0],"3":[0,0],"4":[0,0],"5":[0,0],"6":[0,0],"7":[0,0]},"_coverageSchema":"1a1c01bbd47fc00a2c39e90264f33305004495a9","hash":"29f9766f14e8861c84bade63097e5bd7f7096c9a"}
,"C:\\Users\\SEDUC\\Desktop\\PROJETOS\\omni_gerador_artigos\\static\\js\\handlers.js": {"path":"C:\\Users\\SEDUC\\Desktop\\PROJETOS\\omni_gerador_artigos\\static\\js\\handlers.js","statementMap":{"0":{"start":{"line":9,"column":12},"end":{"line":9,"column":14}},"1":{"start":{"line":10,"column":22},"end":{"line":10,"column":23}},"2":{"start":{"line":11,"column":14},"end":{"line":11,"column":16}},"3":{"start":{"line":16,"column":23},"end":{"line":48,"column":1}},"4":{"start":{"line":17,"column":2},"end":{"line":47,"column":3}},"5":{"start":{"line":19,"column":18},"end":{"line":19,"column":58}},"6":{"start":{"line":20,"column":4},"end":{"line":20,"column":63}},"7":{"start":{"line":21,"column":4},"end":{"line":29,"column":5}},"8":{"start":{"line":22,"column":6},"end":{"line":28,"column":8}},"9":{"start":{"line":23,"column":21},"end":{"line":23,"column":45}},"10":{"start":{"line":24,"column":22},"end":{"line":24,"column":64}},"11":{"start":{"line":25,"column":21},"end":{"line":25,"column":56}},"12":{"start":{"line":26,"column":8},"end":{"line":26,"column":46}},"13":{"start":{"line":27,"column":8},"end":{"line":27,"column":44}},"14":{"start":{"line":31,"column":4},"end":{"line":43,"column":5}},"15":{"start":{"line":32,"column":6},"end":{"line":42,"column":8}},"16":{"start":{"line":33,"column":8},"end":{"line":41,"column":50}},"17":{"start":{"line":34,"column":23},"end":{"line":34,"column":57}},"18":{"start":{"line":35,"column":10},"end":{"line":35,"column":44}},"19":{"start":{"line":35,"column":37},"end":{"line":35,"column":44}},"20":{"start":{"line":36,"column":23},"end":{"line":36,"column":60}},"21":{"start":{"line":37,"column":10},"end":{"line":37,"column":56}},"22":{"start":{"line":38,"column":10},"end":{"line":38,"column":41}},"23":{"start":{"line":39,"column":10},"end":{"line":39,"column":28}},"24":{"start":{"line":40,"column":10},"end":{"line":40,"column":32}},"25":{"start":{"line":41,"column":22},"end":{"line":41,"column":48}},"26":{"start":{"line":44,"column":4},"end":{"line":44,"column":22}},"27":{"start":{"line":46,"column":4},"end":{"line":46,"column":66}},"28":{"start":{"line":75,"column":14},"end":{"line":75,"column":22}},"29":{"start":{"line":76,"column":24},"end":{"line":76,"column":42}},"30":{"start":{"line":77,"column":16},"end":{"line":77,"column":26}},"31":{"start":{"line":78,"column":2},"end":{"line":78,"column":36}},"32":{"start":{"line":79,"column":2},"end":{"line":89,"column":5}},"33":{"start":{"line":80,"column":4},"end":{"line":80,"column":26}},"34":{"start":{"line":81,"column":4},"end":{"line":81,"column":59}},"35":{"start":{"line":83,"column":4},"end":{"line":88,"column":51}},"36":{"start":{"line":84,"column":6},"end":{"line":84,"column":35}},"37":{"start":{"line":85,"column":6},"end":{"line":85,"column":82}},"38":{"start":{"line":85,"column":47},"end":{"line":85,"column":82}},"39":{"start":{"line":86,"column":6},"end":{"line":86,"column":61}},"40":{"start":{"line":87,"column":6},"end":{"line":87,"column":35}},"41":{"start":{"line":88,"column":18},"end":{"line":88,"column":49}},"42":{"start":{"line":90,"column":15},"end":{"line":90,"column":37}},"43":{"start":{"line":91,"column":2},"end":{"line":114,"column":3}},"44":{"start":{"line":92,"column":4},"end":{"line":92,"column":49}},"45":{"start":{"line":93,"column":4},"end":{"line":109,"column":7}},"46":{"start":{"line":94,"column":19},"end":{"line":94,"column":56}},"47":{"start":{"line":95,"column":6},"end":{"line":102,"column":7}},"48":{"start":{"line":96,"column":8},"end":{"line":101,"column":55}},"49":{"start":{"line":97,"column":10},"end":{"line":97,"column":52}},"50":{"start":{"line":98,"column":10},"end":{"line":98,"column":56}},"51":{"start":{"line":99,"column":10},"end":{"line":99,"column":65}},"52":{"start":{"line":100,"column":10},"end":{"line":100,"column":40}},"53":{"start":{"line":101,"column":22},"end":{"line":101,"column":53}},"54":{"start":{"line":104,"column":6},"end":{"line":108,"column":53}},"55":{"start":{"line":105,"column":8},"end":{"line":105,"column":54}},"56":{"start":{"line":106,"column":8},"end":{"line":106,"column":63}},"57":{"start":{"line":107,"column":8},"end":{"line":107,"column":39}},"58":{"start":{"line":108,"column":20},"end":{"line":108,"column":51}},"59":{"start":{"line":110,"column":4},"end":{"line":110,"column":43}},"60":{"start":{"line":112,"column":4},"end":{"line":112,"column":47}},"61":{"start":{"line":113,"column":4},"end":{"line":113,"column":30}},"62":{"start":{"line":115,"column":2},"end":{"line":115,"column":45}}},"fnMap":{"0":{"name":"(anonymous_0)","decl":{"start":{"line":16,"column":23},"end":{"line":16,"column":24}},"loc":{"start":{"line":16,"column":35},"end":{"line":48,"column":1}},"line":16},"1":{"name":"(anonymous_1)","decl":{"start":{"line":22,"column":37},"end":{"line":22,"column":38}},"loc":{"start":{"line":22,"column":43},"end":{"line":28,"column":7}},"line":22},"2":{"name":"(anonymous_2)","decl":{"start":{"line":32,"column":37},"end":{"line":32,"column":38}},"loc":{"start":{"line":32,"column":49},"end":{"line":42,"column":7}},"line":32},"3":{"name":"renderAll","decl":{"start":{"line":58,"column":22},"end":{"line":58,"column":31}},"loc":{"start":{"line":74,"column":2},"end":{"line":116,"column":1}},"line":74},"4":{"name":"(anonymous_4)","decl":{"start":{"line":79,"column":49},"end":{"line":79,"column":50}},"loc":{"start":{"line":79,"column":64},"end":{"line":82,"column":3}},"line":79},"5":{"name":"(anonymous_5)","decl":{"start":{"line":82,"column":5},"end":{"line":82,"column":6}},"loc":{"start":{"line":82,"column":19},"end":{"line":89,"column":3}},"line":82},"6":{"name":"(anonymous_6)","decl":{"start":{"line":93,"column":38},"end":{"line":93,"column":39}},"loc":{"start":{"line":93,"column":51},"end":{"line":103,"column":5}},"line":93},"7":{"name":"(anonymous_7)","decl":{"start":{"line":103,"column":7},"end":{"line":103,"column":8}},"loc":{"start":{"line":103,"column":27},"end":{"line":109,"column":5}},"line":103},"8":{"name":"(anonymous_8)","decl":{"start":{"line":112,"column":27},"end":{"line":112,"column":28}},"loc":{"start":{"line":112,"column":33},"end":{"line":112,"column":35}},"line":112},"9":{"name":"(anonymous_9)","decl":{"start":{"line":112,"column":37},"end":{"line":112,"column":38}},"loc":{"start":{"line":112,"column":43},"end":{"line":112,"column":45}},"line":112}},"branchMap":{"0":{"loc":{"start":{"line":19,"column":18},"end":{"line":19,"column":58}},"type":"binary-expr","locations":[{"start":{"line":19,"column":18},"end":{"line":19,"column":47}},{"start":{"line":19,"column":51},"end":{"line":19,"column":58}}],"line":19},"1":{"loc":{"start":{"line":21,"column":4},"end":{"line":29,"column":5}},"type":"if","locations":[{"start":{"line":21,"column":4},"end":{"line":29,"column":5}},{"start":{},"end":{}}],"line":21},"2":{"loc":{"start":{"line":24,"column":22},"end":{"line":24,"column":64}},"type":"binary-expr","locations":[{"start":{"line":24,"column":22},"end":{"line":24,"column":53}},{"start":{"line":24,"column":57},"end":{"line":24,"column":64}}],"line":24},"3":{"loc":{"start":{"line":25,"column":21},"end":{"line":25,"column":56}},"type":"cond-expr","locations":[{"start":{"line":25,"column":40},"end":{"line":25,"column":47}},{"start":{"line":25,"column":50},"end":{"line":25,"column":56}}],"line":25},"4":{"loc":{"start":{"line":31,"column":4},"end":{"line":43,"column":5}},"type":"if","locations":[{"start":{"line":31,"column":4},"end":{"line":43,"column":5}},{"start":{},"end":{}}],"line":31},"5":{"loc":{"start":{"line":35,"column":10},"end":{"line":35,"column":44}},"type":"if","locations":[{"start":{"line":35,"column":10},"end":{"line":35,"column":44}},{"start":{},"end":{}}],"line":35},"6":{"loc":{"start":{"line":35,"column":14},"end":{"line":35,"column":35}},"type":"binary-expr","locations":[{"start":{"line":35,"column":14},"end":{"line":35,"column":19}},{"start":{"line":35,"column":23},"end":{"line":35,"column":35}}],"line":35},"7":{"loc":{"start":{"line":36,"column":23},"end":{"line":36,"column":60}},"type":"binary-expr","locations":[{"start":{"line":36,"column":23},"end":{"line":36,"column":54}},{"start":{"line":36,"column":58},"end":{"line":36,"column":60}}],"line":36},"8":{"loc":{"start":{"line":59,"column":2},"end":{"line":70,"column":3}},"type":"default-arg","locations":[{"start":{"line":59,"column":9},"end":{"line":70,"column":3}}],"line":59},"9":{"loc":{"start":{"line":71,"column":2},"end":{"line":71,"column":15}},"type":"default-arg","locations":[{"start":{"line":71,"column":13},"end":{"line":71,"column":15}}],"line":71},"10":{"loc":{"start":{"line":72,"column":2},"end":{"line":72,"column":24}},"type":"default-arg","locations":[{"start":{"line":72,"column":23},"end":{"line":72,"column":24}}],"line":72},"11":{"loc":{"start":{"line":73,"column":2},"end":{"line":73,"column":17}},"type":"default-arg","locations":[{"start":{"line":73,"column":15},"end":{"line":73,"column":17}}],"line":73},"12":{"loc":{"start":{"line":85,"column":6},"end":{"line":85,"column":82}},"type":"if","locations":[{"start":{"line":85,"column":6},"end":{"line":85,"column":82}},{"start":{},"end":{}}],"line":85},"13":{"loc":{"start":{"line":91,"column":2},"end":{"line":114,"column":3}},"type":"if","locations":[{"start":{"line":91,"column":2},"end":{"line":114,"column":3}},{"start":{"line":111,"column":9},"end":{"line":114,"column":3}}],"line":91},"14":{"loc":{"start":{"line":95,"column":6},"end":{"line":102,"column":7}},"type":"if","locations":[{"start":{"line":95,"column":6},"end":{"line":102,"column":7}},{"start":{},"end":{}}],"line":95},"15":{"loc":{"start":{"line":95,"column":10},"end":{"line":95,"column":38}},"type":"binary-expr","locations":[{"start":{"line":95,"column":10},"end":{"line":95,"column":23}},{"start":{"line":95,"column":27},"end":{"line":95,"column":38}}],"line":95}},"s":{"0":1,"1":1,"2":1,"3":1,"4":6,"5":6,"6":6,"7":6,"8":6,"9":1,"10":1,"11":1,"12":1,"13":1,"14":6,"15":6,"16":3,"17":3,"18":3,"19":1,"20":2,"21":2,"22":1,"23":1,"24":1,"25":1,"26":6,"27":1,"28":17,"29":17,"30":17,"31":17,"32":16,"33":0,"34":0,"35":2,"36":2,"37":1,"38":1,"39":1,"40":1,"41":1,"42":16,"43":16,"44":7,"45":7,"46":2,"47":2,"48":2,"49":2,"50":1,"51":1,"52":1,"53":1,"54":2,"55":2,"56":1,"57":1,"58":1,"59":7,"60":9,"61":9,"62":16},"f":{"0":6,"1":1,"2":3,"3":17,"4":0,"5":2,"6":2,"7":2,"8":0,"9":0},"b":{"0":[6,2],"1":[6,0],"2":[1,0],"3":[0,1],"4":[6,0],"5":[1,2],"6":[3,2],"7":[2,0],"8":[7],"9":[14],"10":[14],"11":[14],"12":[1,0],"13":[7,9],"14":[2,0],"15":[2,2]},"_coverageSchema":"1a1c01bbd47fc00a2c39e90264f33305004495a9","hash":"98fcd4bd9cd79a4e90cd2e4fe11499c1e232fece"}
,"C:\\Users\\SEDUC\\Desktop\\PROJETOS\\omni_gerador_artigos\\static\\js\\render.js": {"path":"C:\\Users\\SEDUC\\Desktop\\PROJETOS\\omni_gerador_artigos\\static\\js\\render.js","statementMap":{"0":{"start":{"line":15,"column":27},"end":{"line":32,"column":1}},"1":{"start":{"line":16,"column":13},"end":{"line":16,"column":30}},"2":{"start":{"line":17,"column":2},"end":{"line":17,"column":18}},"3":{"start":{"line":17,"column":11},"end":{"line":17,"column":18}},"4":{"start":{"line":18,"column":2},"end":{"line":18,"column":12}},"5":{"start":{"line":19,"column":2},"end":{"line":31,"column":5}},"6":{"start":{"line":20,"column":15},"end":{"line":20,"column":43}},"7":{"start":{"line":21,"column":4},"end":{"line":21,"column":20}},"8":{"start":{"line":22,"column":4},"end":{"line":22,"column":59}},"9":{"start":{"line":23,"column":4},"end":{"line":23,"column":118}},"10":{"start":{"line":24,"column":4},"end":{"line":24,"column":37}},"11":{"start":{"line":24,"column":23},"end":{"line":24,"column":36}},"12":{"start":{"line":25,"column":4},"end":{"line":25,"column":68}},"13":{"start":{"line":25,"column":28},"end":{"line":25,"column":65}},"14":{"start":{"line":25,"column":51},"end":{"line":25,"column":65}},"15":{"start":{"line":26,"column":4},"end":{"line":29,"column":6}},"16":{"start":{"line":27,"column":6},"end":{"line":27,"column":27}},"17":{"start":{"line":28,"column":6},"end":{"line":28,"column":24}},"18":{"start":{"line":30,"column":4},"end":{"line":30,"column":23}},"19":{"start":{"line":40,"column":29},"end":{"line":51,"column":1}},"20":{"start":{"line":41,"column":13},"end":{"line":41,"column":32}},"21":{"start":{"line":42,"column":2},"end":{"line":42,"column":18}},"22":{"start":{"line":42,"column":11},"end":{"line":42,"column":18}},"23":{"start":{"line":43,"column":2},"end":{"line":43,"column":12}},"24":{"start":{"line":44,"column":2},"end":{"line":50,"column":5}},"25":{"start":{"line":45,"column":15},"end":{"line":45,"column":43}},"26":{"start":{"line":46,"column":4},"end":{"line":46,"column":160}},"27":{"start":{"line":47,"column":4},"end":{"line":47,"column":65}},"28":{"start":{"line":47,"column":50},"end":{"line":47,"column":64}},"29":{"start":{"line":48,"column":4},"end":{"line":48,"column":58}},"30":{"start":{"line":48,"column":48},"end":{"line":48,"column":57}},"31":{"start":{"line":49,"column":4},"end":{"line":49,"column":23}},"32":{"start":{"line":57,"column":33},"end":{"line":61,"column":1}},"33":{"start":{"line":58,"column":13},"end":{"line":58,"column":33}},"34":{"start":{"line":59,"column":2},"end":{"line":59,"column":18}},"35":{"start":{"line":59,"column":11},"end":{"line":59,"column":18}},"36":{"start":{"line":60,"column":2},"end":{"line":60,"column":73}}},"fnMap":{"0":{"name":"(anonymous_0)","decl":{"start":{"line":15,"column":27},"end":{"line":15,"column":28}},"loc":{"start":{"line":15,"column":75},"end":{"line":32,"column":1}},"line":15},"1":{"name":"(anonymous_1)","decl":{"start":{"line":19,"column":16},"end":{"line":19,"column":17}},"loc":{"start":{"line":19,"column":31},"end":{"line":31,"column":3}},"line":19},"2":{"name":"(anonymous_2)","decl":{"start":{"line":24,"column":17},"end":{"line":24,"column":18}},"loc":{"start":{"line":24,"column":23},"end":{"line":24,"column":36}},"line":24},"3":{"name":"(anonymous_3)","decl":{"start":{"line":25,"column":19},"end":{"line":25,"column":20}},"loc":{"start":{"line":25,"column":26},"end":{"line":25,"column":67}},"line":25},"4":{"name":"(anonymous_4)","decl":{"start":{"line":26,"column":44},"end":{"line":26,"column":45}},"loc":{"start":{"line":26,"column":52},"end":{"line":29,"column":5}},"line":26},"5":{"name":"(anonymous_5)","decl":{"start":{"line":40,"column":29},"end":{"line":40,"column":30}},"loc":{"start":{"line":40,"column":60},"end":{"line":51,"column":1}},"line":40},"6":{"name":"(anonymous_6)","decl":{"start":{"line":44,"column":18},"end":{"line":44,"column":19}},"loc":{"start":{"line":44,"column":25},"end":{"line":50,"column":3}},"line":44},"7":{"name":"(anonymous_7)","decl":{"start":{"line":47,"column":44},"end":{"line":47,"column":45}},"loc":{"start":{"line":47,"column":50},"end":{"line":47,"column":64}},"line":47},"8":{"name":"(anonymous_8)","decl":{"start":{"line":48,"column":42},"end":{"line":48,"column":43}},"loc":{"start":{"line":48,"column":48},"end":{"line":48,"column":57}},"line":48},"9":{"name":"(anonymous_9)","decl":{"start":{"line":57,"column":33},"end":{"line":57,"column":34}},"loc":{"start":{"line":57,"column":44},"end":{"line":61,"column":1}},"line":57}},"branchMap":{"0":{"loc":{"start":{"line":17,"column":2},"end":{"line":17,"column":18}},"type":"if","locations":[{"start":{"line":17,"column":2},"end":{"line":17,"column":18}},{"start":{},"end":{}}],"line":17},"1":{"loc":{"start":{"line":22,"column":19},"end":{"line":22,"column":58}},"type":"cond-expr","locations":[{"start":{"line":22,"column":45},"end":{"line":22,"column":53}},{"start":{"line":22,"column":56},"end":{"line":22,"column":58}}],"line":22},"2":{"loc":{"start":{"line":25,"column":28},"end":{"line":25,"column":65}},"type":"if","locations":[{"start":{"line":25,"column":28},"end":{"line":25,"column":65}},{"start":{},"end":{}}],"line":25},"3":{"loc":{"start":{"line":42,"column":2},"end":{"line":42,"column":18}},"type":"if","locations":[{"start":{"line":42,"column":2},"end":{"line":42,"column":18}},{"start":{},"end":{}}],"line":42},"4":{"loc":{"start":{"line":59,"column":2},"end":{"line":59,"column":18}},"type":"if","locations":[{"start":{"line":59,"column":2},"end":{"line":59,"column":18}},{"start":{},"end":{}}],"line":59},"5":{"loc":{"start":{"line":60,"column":19},"end":{"line":60,"column":72}},"type":"cond-expr","locations":[{"start":{"line":60,"column":27},"end":{"line":60,"column":67}},{"start":{"line":60,"column":70},"end":{"line":60,"column":72}}],"line":60},"6":{"loc":{"start":{"line":60,"column":45},"end":{"line":60,"column":65}},"type":"cond-expr","locations":[{"start":{"line":60,"column":57},"end":{"line":60,"column":60}},{"start":{"line":60,"column":63},"end":{"line":60,"column":65}}],"line":60}},"s":{"0":1,"1":0,"2":0,"3":0,"4":0,"5":0,"6":0,"7":0,"8":0,"9":0,"10":0,"11":0,"12":0,"13":0,"14":0,"15":0,"16":0,"17":0,"18":0,"19":1,"20":0,"21":0,"22":0,"23":0,"24":0,"25":0,"26":0,"27":0,"28":0,"29":0,"30":0,"31":0,"32":1,"33":0,"34":0,"35":0,"36":0},"f":{"0":0,"1":0,"2":0,"3":0,"4":0,"5":0,"6":0,"7":0,"8":0,"9":0},"b":{"0":[0,0],"1":[0,0],"2":[0,0],"3":[0,0],"4":[0,0],"5":[0,0],"6":[0,0]},"_coverageSchema":"1a1c01bbd47fc00a2c39e90264f33305004495a9","hash":"df3c86b6b3fb715efc51e83fe760a0fcf63a1ea8"}
,"C:\\Users\\SEDUC\\Desktop\\PROJETOS\\omni_gerador_artigos\\static\\js\\utils.js": {"path":"C:\\Users\\SEDUC\\Desktop\\PROJETOS\\omni_gerador_artigos\\static\\js\\utils.js","statementMap":{"0":{"start":{"line":11,"column":20},"end":{"line":11,"column":55}},"1":{"start":{"line":11,"column":28},"end":{"line":11,"column":55}},"2":{"start":{"line":18,"column":18},"end":{"line":18,"column":54}},"3":{"start":{"line":18,"column":27},"end":{"line":18,"column":54}},"4":{"start":{"line":25,"column":19},"end":{"line":25,"column":70}},"5":{"start":{"line":25,"column":28},"end":{"line":25,"column":70}},"6":{"start":{"line":31,"column":20},"end":{"line":31,"column":62}},"7":{"start":{"line":31,"column":30},"end":{"line":31,"column":60}},"8":{"start":{"line":31,"column":38},"end":{"line":31,"column":60}},"9":{"start":{"line":37,"column":20},"end":{"line":37,"column":66}},"10":{"start":{"line":37,"column":30},"end":{"line":37,"column":64}},"11":{"start":{"line":37,"column":38},"end":{"line":37,"column":64}},"12":{"start":{"line":43,"column":21},"end":{"line":43,"column":59}},"13":{"start":{"line":43,"column":31},"end":{"line":43,"column":57}},"14":{"start":{"line":43,"column":39},"end":{"line":43,"column":57}},"15":{"start":{"line":50,"column":21},"end":{"line":57,"column":1}},"16":{"start":{"line":51,"column":19},"end":{"line":51,"column":39}},"17":{"start":{"line":52,"column":2},"end":{"line":52,"column":24}},"18":{"start":{"line":52,"column":17},"end":{"line":52,"column":24}},"19":{"start":{"line":53,"column":2},"end":{"line":53,"column":29}},"20":{"start":{"line":54,"column":2},"end":{"line":54,"column":69}},"21":{"start":{"line":55,"column":2},"end":{"line":55,"column":17}},"22":{"start":{"line":56,"column":2},"end":{"line":56,"column":41}},"23":{"start":{"line":56,"column":19},"end":{"line":56,"column":33}}},"fnMap":{"0":{"name":"(anonymous_0)","decl":{"start":{"line":11,"column":20},"end":{"line":11,"column":21}},"loc":{"start":{"line":11,"column":28},"end":{"line":11,"column":55}},"line":11},"1":{"name":"(anonymous_1)","decl":{"start":{"line":18,"column":18},"end":{"line":18,"column":19}},"loc":{"start":{"line":18,"column":27},"end":{"line":18,"column":54}},"line":18},"2":{"name":"(anonymous_2)","decl":{"start":{"line":25,"column":19},"end":{"line":25,"column":20}},"loc":{"start":{"line":25,"column":28},"end":{"line":25,"column":70}},"line":25},"3":{"name":"(anonymous_3)","decl":{"start":{"line":31,"column":20},"end":{"line":31,"column":21}},"loc":{"start":{"line":31,"column":28},"end":{"line":31,"column":62}},"line":31},"4":{"name":"(anonymous_4)","decl":{"start":{"line":37,"column":20},"end":{"line":37,"column":21}},"loc":{"start":{"line":37,"column":28},"end":{"line":37,"column":66}},"line":37},"5":{"name":"(anonymous_5)","decl":{"start":{"line":43,"column":21},"end":{"line":43,"column":22}},"loc":{"start":{"line":43,"column":29},"end":{"line":43,"column":59}},"line":43},"6":{"name":"(anonymous_6)","decl":{"start":{"line":50,"column":21},"end":{"line":50,"column":22}},"loc":{"start":{"line":50,"column":48},"end":{"line":57,"column":1}},"line":50},"7":{"name":"(anonymous_7)","decl":{"start":{"line":56,"column":13},"end":{"line":56,"column":14}},"loc":{"start":{"line":56,"column":19},"end":{"line":56,"column":33}},"line":56}},"branchMap":{"0":{"loc":{"start":{"line":31,"column":30},"end":{"line":31,"column":60}},"type":"if","locations":[{"start":{"line":31,"column":30},"end":{"line":31,"column":60}},{"start":{},"end":{}}],"line":31},"1":{"loc":{"start":{"line":37,"column":30},"end":{"line":37,"column":64}},"type":"if","locations":[{"start":{"line":37,"column":30},"end":{"line":37,"column":64}},{"start":{},"end":{}}],"line":37},"2":{"loc":{"start":{"line":43,"column":31},"end":{"line":43,"column":57}},"type":"if","locations":[{"start":{"line":43,"column":31},"end":{"line":43,"column":57}},{"start":{},"end":{}}],"line":43},"3":{"loc":{"start":{"line":50,"column":27},"end":{"line":50,"column":43}},"type":"default-arg","locations":[{"start":{"line":50,"column":34},"end":{"line":50,"column":43}}],"line":50},"4":{"loc":{"start":{"line":52,"column":2},"end":{"line":52,"column":24}},"type":"if","locations":[{"start":{"line":52,"column":2},"end":{"line":52,"column":24}},{"start":{},"end":{}}],"line":52},"5":{"loc":{"start":{"line":54,"column":34},"end":{"line":54,"column":66}},"type":"cond-expr","locations":[{"start":{"line":54,"column":53},"end":{"line":54,"column":61}},{"start":{"line":54,"column":64},"end":{"line":54,"column":66}}],"line":54}},"s":{"0":1,"1":0,"2":1,"3":0,"4":1,"5":0,"6":1,"7":0,"8":0,"9":1,"10":0,"11":0,"12":1,"13":0,"14":0,"15":1,"16":0,"17":0,"18":0,"19":0,"20":0,"21":0,"22":0,"23":0},"f":{"0":0,"1":0,"2":0,"3":0,"4":0,"5":0,"6":0,"7":0},"b":{"0":[0,0],"1":[0,0],"2":[0,0],"3":[0],"4":[0,0],"5":[0,0]},"_coverageSchema":"1a1c01bbd47fc00a2c39e90264f33305004495a9","hash":"94f56a1cfcbc00ce59b580f3d18d29bb6686d701"}
}
